<?xml version="1.0" encoding="UTF-8"?>
<testng-results ignored="0" total="2" passed="2" failed="0" skipped="0">
  <reporter-output>
  </reporter-output>
  <suite started-at="2023-07-01T11:33:07 EEST" name="Default suite" finished-at="2023-07-01T11:33:25 EEST" duration-ms="17326">
    <groups>
    </groups>
    <test started-at="2023-07-01T11:33:07 EEST" name="Default test" finished-at="2023-07-01T11:33:25 EEST" duration-ms="17326">
      <class name="TestScenario.TestCases">
        <test-method is-config="true" signature="beforeTest()[pri:0, instance:TestScenario.TestCases@73d69c0f]" started-at="2023-07-01T11:33:07 EEST" name="beforeTest" finished-at="2023-07-01T11:33:13 EEST" duration-ms="5648" status="PASS">
          <reporter-output>
          </reporter-output>
        </test-method> <!-- beforeTest -->
        <test-method signature="signUp()[pri:0, instance:TestScenario.TestCases@73d69c0f]" started-at="2023-07-01T11:33:13 EEST" name="signUp" finished-at="2023-07-01T11:33:22 EEST" duration-ms="8822" status="PASS">
          <reporter-output>
          </reporter-output>
        </test-method> <!-- signUp -->
        <test-method signature="signIn()[pri:1, instance:TestScenario.TestCases@73d69c0f]" started-at="2023-07-01T11:33:22 EEST" name="signIn" finished-at="2023-07-01T11:33:25 EEST" duration-ms="2792" status="PASS">
          <reporter-output>
          </reporter-output>
        </test-method> <!-- signIn -->
        <test-method is-config="true" signature="afterTest()[pri:0, instance:TestScenario.TestCases@73d69c0f]" started-at="2023-07-01T11:33:25 EEST" name="afterTest" finished-at="2023-07-01T11:33:25 EEST" duration-ms="0" status="PASS">
          <reporter-output>
          </reporter-output>
        </test-method> <!-- afterTest -->
      </class> <!-- TestScenario.TestCases -->
    </test> <!-- Default test -->
  </suite> <!-- Default suite -->
</testng-results>
